2024-01-16T15:01:05+00:00 CRITICAL Uncaught TypeError: explode(): Argument #2 ($string) must be of type string, array given in /Users/romanzhurakivskyi/Local Sites/handeny/app/public/wp-content/themes/handeny/front-page.php:519
Stack trace:
#0 /Users/romanzhurakivskyi/Local Sites/handeny/app/public/wp-content/themes/handeny/front-page.php(519): explode(',', Array)
#1 /Users/romanzhurakivskyi/Local Sites/handeny/app/public/wp-includes/template-loader.php(106): include('/Users/romanzhu...')
#2 /Users/romanzhurakivskyi/Local Sites/handeny/app/public/wp-blog-header.php(19): require_once('/Users/romanzhu...')
#3 /Users/romanzhurakivskyi/Local Sites/handeny/app/public/index.php(17): require('/Users/romanzhu...')
#4 {main}
  thrown in /Users/romanzhurakivskyi/Local Sites/handeny/app/public/wp-content/themes/handeny/front-page.php on line 519

2024-01-16T19:20:51+00:00 CRITICAL syntax error, unexpected end of file in /Users/romanzhurakivskyi/Local Sites/handeny/app/public/wp-content/themes/handeny/functions.php on line 243

2024-01-16T19:20:52+00:00 CRITICAL syntax error, unexpected end of file in /Users/romanzhurakivskyi/Local Sites/handeny/app/public/wp-content/themes/handeny/functions.php on line 243

2024-01-16T19:20:53+00:00 CRITICAL syntax error, unexpected end of file in /Users/romanzhurakivskyi/Local Sites/handeny/app/public/wp-content/themes/handeny/functions.php on line 243

2024-01-16T19:34:58+00:00 CRITICAL Uncaught Error: Undefined constant "php" in /Users/romanzhurakivskyi/Local Sites/handeny/app/public/wp-content/themes/handeny/header.php:106
Stack trace:
#0 /Users/romanzhurakivskyi/Local Sites/handeny/app/public/wp-includes/template.php(790): require_once()
#1 /Users/romanzhurakivskyi/Local Sites/handeny/app/public/wp-includes/template.php(725): load_template('/Users/romanzhu...', true, Array)
#2 /Users/romanzhurakivskyi/Local Sites/handeny/app/public/wp-includes/general-template.php(48): locate_template(Array, true, true, Array)
#3 /Users/romanzhurakivskyi/Local Sites/handeny/app/public/wp-content/themes/handeny/front-page.php(2): get_header()
#4 /Users/romanzhurakivskyi/Local Sites/handeny/app/public/wp-includes/template-loader.php(106): include('/Users/romanzhu...')
#5 /Users/romanzhurakivskyi/Local Sites/handeny/app/public/wp-blog-header.php(19): require_once('/Users/romanzhu...')
#6 /Users/romanzhurakivskyi/Local Sites/handeny/app/public/index.php(17): require('/Users/romanzhu...')
#7 {main}
  thrown in /Users/romanzhurakivskyi/Local Sites/handeny/app/public/wp-content/themes/handeny/header.php on line 106

2024-01-16T19:35:02+00:00 CRITICAL Uncaught Error: Undefined constant "php" in /Users/romanzhurakivskyi/Local Sites/handeny/app/public/wp-content/themes/handeny/header.php:106
Stack trace:
#0 /Users/romanzhurakivskyi/Local Sites/handeny/app/public/wp-includes/template.php(790): require_once()
#1 /Users/romanzhurakivskyi/Local Sites/handeny/app/public/wp-includes/template.php(725): load_template('/Users/romanzhu...', true, Array)
#2 /Users/romanzhurakivskyi/Local Sites/handeny/app/public/wp-includes/general-template.php(48): locate_template(Array, true, true, Array)
#3 /Users/romanzhurakivskyi/Local Sites/handeny/app/public/wp-content/themes/handeny/front-page.php(2): get_header()
#4 /Users/romanzhurakivskyi/Local Sites/handeny/app/public/wp-includes/template-loader.php(106): include('/Users/romanzhu...')
#5 /Users/romanzhurakivskyi/Local Sites/handeny/app/public/wp-blog-header.php(19): require_once('/Users/romanzhu...')
#6 /Users/romanzhurakivskyi/Local Sites/handeny/app/public/index.php(17): require('/Users/romanzhu...')
#7 {main}
  thrown in /Users/romanzhurakivskyi/Local Sites/handeny/app/public/wp-content/themes/handeny/header.php on line 106

2024-01-16T19:36:08+00:00 CRITICAL Uncaught Error: Undefined constant "php" in /Users/romanzhurakivskyi/Local Sites/handeny/app/public/wp-content/themes/handeny/header.php:106
Stack trace:
#0 /Users/romanzhurakivskyi/Local Sites/handeny/app/public/wp-includes/template.php(790): require_once()
#1 /Users/romanzhurakivskyi/Local Sites/handeny/app/public/wp-includes/template.php(725): load_template('/Users/romanzhu...', true, Array)
#2 /Users/romanzhurakivskyi/Local Sites/handeny/app/public/wp-includes/general-template.php(48): locate_template(Array, true, true, Array)
#3 /Users/romanzhurakivskyi/Local Sites/handeny/app/public/wp-content/themes/handeny/front-page.php(2): get_header()
#4 /Users/romanzhurakivskyi/Local Sites/handeny/app/public/wp-includes/template-loader.php(106): include('/Users/romanzhu...')
#5 /Users/romanzhurakivskyi/Local Sites/handeny/app/public/wp-blog-header.php(19): require_once('/Users/romanzhu...')
#6 /Users/romanzhurakivskyi/Local Sites/handeny/app/public/index.php(17): require('/Users/romanzhu...')
#7 {main}
  thrown in /Users/romanzhurakivskyi/Local Sites/handeny/app/public/wp-content/themes/handeny/header.php on line 106

2024-01-16T19:36:22+00:00 CRITICAL Uncaught Error: Undefined constant "php" in /Users/romanzhurakivskyi/Local Sites/handeny/app/public/wp-content/themes/handeny/header.php:106
Stack trace:
#0 /Users/romanzhurakivskyi/Local Sites/handeny/app/public/wp-includes/template.php(790): require_once()
#1 /Users/romanzhurakivskyi/Local Sites/handeny/app/public/wp-includes/template.php(725): load_template('/Users/romanzhu...', true, Array)
#2 /Users/romanzhurakivskyi/Local Sites/handeny/app/public/wp-includes/general-template.php(48): locate_template(Array, true, true, Array)
#3 /Users/romanzhurakivskyi/Local Sites/handeny/app/public/wp-content/themes/handeny/front-page.php(2): get_header()
#4 /Users/romanzhurakivskyi/Local Sites/handeny/app/public/wp-includes/template-loader.php(106): include('/Users/romanzhu...')
#5 /Users/romanzhurakivskyi/Local Sites/handeny/app/public/wp-blog-header.php(19): require_once('/Users/romanzhu...')
#6 /Users/romanzhurakivskyi/Local Sites/handeny/app/public/index.php(17): require('/Users/romanzhu...')
#7 {main}
  thrown in /Users/romanzhurakivskyi/Local Sites/handeny/app/public/wp-content/themes/handeny/header.php on line 106

2024-01-16T19:37:00+00:00 CRITICAL Uncaught Error: Undefined constant "php" in /Users/romanzhurakivskyi/Local Sites/handeny/app/public/wp-content/themes/handeny/header.php:106
Stack trace:
#0 /Users/romanzhurakivskyi/Local Sites/handeny/app/public/wp-includes/template.php(790): require_once()
#1 /Users/romanzhurakivskyi/Local Sites/handeny/app/public/wp-includes/template.php(725): load_template('/Users/romanzhu...', true, Array)
#2 /Users/romanzhurakivskyi/Local Sites/handeny/app/public/wp-includes/general-template.php(48): locate_template(Array, true, true, Array)
#3 /Users/romanzhurakivskyi/Local Sites/handeny/app/public/wp-content/themes/handeny/front-page.php(2): get_header()
#4 /Users/romanzhurakivskyi/Local Sites/handeny/app/public/wp-includes/template-loader.php(106): include('/Users/romanzhu...')
#5 /Users/romanzhurakivskyi/Local Sites/handeny/app/public/wp-blog-header.php(19): require_once('/Users/romanzhu...')
#6 /Users/romanzhurakivskyi/Local Sites/handeny/app/public/index.php(17): require('/Users/romanzhu...')
#7 {main}
  thrown in /Users/romanzhurakivskyi/Local Sites/handeny/app/public/wp-content/themes/handeny/header.php on line 106

2024-01-16T19:37:01+00:00 CRITICAL Uncaught Error: Undefined constant "php" in /Users/romanzhurakivskyi/Local Sites/handeny/app/public/wp-content/themes/handeny/header.php:106
Stack trace:
#0 /Users/romanzhurakivskyi/Local Sites/handeny/app/public/wp-includes/template.php(790): require_once()
#1 /Users/romanzhurakivskyi/Local Sites/handeny/app/public/wp-includes/template.php(725): load_template('/Users/romanzhu...', true, Array)
#2 /Users/romanzhurakivskyi/Local Sites/handeny/app/public/wp-includes/general-template.php(48): locate_template(Array, true, true, Array)
#3 /Users/romanzhurakivskyi/Local Sites/handeny/app/public/wp-content/themes/handeny/front-page.php(2): get_header()
#4 /Users/romanzhurakivskyi/Local Sites/handeny/app/public/wp-includes/template-loader.php(106): include('/Users/romanzhu...')
#5 /Users/romanzhurakivskyi/Local Sites/handeny/app/public/wp-blog-header.php(19): require_once('/Users/romanzhu...')
#6 /Users/romanzhurakivskyi/Local Sites/handeny/app/public/index.php(17): require('/Users/romanzhu...')
#7 {main}
  thrown in /Users/romanzhurakivskyi/Local Sites/handeny/app/public/wp-content/themes/handeny/header.php on line 106

2024-01-16T19:37:16+00:00 CRITICAL Uncaught Error: Undefined constant "php" in /Users/romanzhurakivskyi/Local Sites/handeny/app/public/wp-content/themes/handeny/header.php:106
Stack trace:
#0 /Users/romanzhurakivskyi/Local Sites/handeny/app/public/wp-includes/template.php(790): require_once()
#1 /Users/romanzhurakivskyi/Local Sites/handeny/app/public/wp-includes/template.php(725): load_template('/Users/romanzhu...', true, Array)
#2 /Users/romanzhurakivskyi/Local Sites/handeny/app/public/wp-includes/general-template.php(48): locate_template(Array, true, true, Array)
#3 /Users/romanzhurakivskyi/Local Sites/handeny/app/public/wp-content/themes/handeny/front-page.php(2): get_header()
#4 /Users/romanzhurakivskyi/Local Sites/handeny/app/public/wp-includes/template-loader.php(106): include('/Users/romanzhu...')
#5 /Users/romanzhurakivskyi/Local Sites/handeny/app/public/wp-blog-header.php(19): require_once('/Users/romanzhu...')
#6 /Users/romanzhurakivskyi/Local Sites/handeny/app/public/index.php(17): require('/Users/romanzhu...')
#7 {main}
  thrown in /Users/romanzhurakivskyi/Local Sites/handeny/app/public/wp-content/themes/handeny/header.php on line 106

2024-01-16T19:37:17+00:00 CRITICAL Uncaught Error: Undefined constant "php" in /Users/romanzhurakivskyi/Local Sites/handeny/app/public/wp-content/themes/handeny/header.php:106
Stack trace:
#0 /Users/romanzhurakivskyi/Local Sites/handeny/app/public/wp-includes/template.php(790): require_once()
#1 /Users/romanzhurakivskyi/Local Sites/handeny/app/public/wp-includes/template.php(725): load_template('/Users/romanzhu...', true, Array)
#2 /Users/romanzhurakivskyi/Local Sites/handeny/app/public/wp-includes/general-template.php(48): locate_template(Array, true, true, Array)
#3 /Users/romanzhurakivskyi/Local Sites/handeny/app/public/wp-content/themes/handeny/front-page.php(2): get_header()
#4 /Users/romanzhurakivskyi/Local Sites/handeny/app/public/wp-includes/template-loader.php(106): include('/Users/romanzhu...')
#5 /Users/romanzhurakivskyi/Local Sites/handeny/app/public/wp-blog-header.php(19): require_once('/Users/romanzhu...')
#6 /Users/romanzhurakivskyi/Local Sites/handeny/app/public/index.php(17): require('/Users/romanzhu...')
#7 {main}
  thrown in /Users/romanzhurakivskyi/Local Sites/handeny/app/public/wp-content/themes/handeny/header.php on line 106

2024-01-16T19:38:14+00:00 CRITICAL Uncaught Error: Undefined constant "php" in /Users/romanzhurakivskyi/Local Sites/handeny/app/public/wp-content/themes/handeny/header.php:106
Stack trace:
#0 /Users/romanzhurakivskyi/Local Sites/handeny/app/public/wp-includes/template.php(790): require_once()
#1 /Users/romanzhurakivskyi/Local Sites/handeny/app/public/wp-includes/template.php(725): load_template('/Users/romanzhu...', true, Array)
#2 /Users/romanzhurakivskyi/Local Sites/handeny/app/public/wp-includes/general-template.php(48): locate_template(Array, true, true, Array)
#3 /Users/romanzhurakivskyi/Local Sites/handeny/app/public/wp-content/themes/handeny/front-page.php(2): get_header()
#4 /Users/romanzhurakivskyi/Local Sites/handeny/app/public/wp-includes/template-loader.php(106): include('/Users/romanzhu...')
#5 /Users/romanzhurakivskyi/Local Sites/handeny/app/public/wp-blog-header.php(19): require_once('/Users/romanzhu...')
#6 /Users/romanzhurakivskyi/Local Sites/handeny/app/public/index.php(17): require('/Users/romanzhu...')
#7 {main}
  thrown in /Users/romanzhurakivskyi/Local Sites/handeny/app/public/wp-content/themes/handeny/header.php on line 106

2024-01-16T19:40:38+00:00 CRITICAL Uncaught Error: Undefined constant "woocommerce_cart" in /Users/romanzhurakivskyi/Local Sites/handeny/app/public/wp-content/themes/handeny/header.php:106
Stack trace:
#0 /Users/romanzhurakivskyi/Local Sites/handeny/app/public/wp-includes/template.php(790): require_once()
#1 /Users/romanzhurakivskyi/Local Sites/handeny/app/public/wp-includes/template.php(725): load_template('/Users/romanzhu...', true, Array)
#2 /Users/romanzhurakivskyi/Local Sites/handeny/app/public/wp-includes/general-template.php(48): locate_template(Array, true, true, Array)
#3 /Users/romanzhurakivskyi/Local Sites/handeny/app/public/wp-content/themes/handeny/front-page.php(2): get_header()
#4 /Users/romanzhurakivskyi/Local Sites/handeny/app/public/wp-includes/template-loader.php(106): include('/Users/romanzhu...')
#5 /Users/romanzhurakivskyi/Local Sites/handeny/app/public/wp-blog-header.php(19): require_once('/Users/romanzhu...')
#6 /Users/romanzhurakivskyi/Local Sites/handeny/app/public/index.php(17): require('/Users/romanzhu...')
#7 {main}
  thrown in /Users/romanzhurakivskyi/Local Sites/handeny/app/public/wp-content/themes/handeny/header.php on line 106

